<?xml version="1.0" encoding="UTF-8"?>
<testsuite xmlns:xsi="http://www.w3.org/2001/XMLSchema-instance" xsi:noNamespaceSchemaLocation="https://maven.apache.org/surefire/maven-surefire-plugin/xsd/surefire-test-report.xsd" version="3.0.2" name="TestSuite" time="200.91" tests="6" errors="0" skipped="0" failures="0">
  <properties>
[...]
</properties>
  <testcase name="ContactUs_TestCase" classname="Miscellaneous_TestCases.Misc_TestCases" time="9.042">
    <system-err><![CDATA[SLF4J(W): No SLF4J providers were found.
SLF4J(W): Defaulting to no-operation (NOP) logger implementation
SLF4J(W): See https://www.slf4j.org/codes.html#noProviders for further details.
Sept 22, 2025 11:49:40 AM org.openqa.selenium.devtools.CdpVersionFinder findNearestMatch
WARNING: Unable to find an exact match for CDP version 140, returning the closest version; found: 139; Please update to a Selenium version that supports CDP version 140
]]></system-err>
  </testcase>
  <testcase name="Subscription_CartPage" classname="Miscellaneous_TestCases.Misc_TestCases" time="3.073">
    <system-err><![CDATA[Sept 22, 2025 11:49:56 AM org.openqa.selenium.devtools.CdpVersionFinder findNearestMatch
WARNING: Unable to find an exact match for CDP version 140, returning the closest version; found: 139; Please update to a Selenium version that supports CDP version 140
]]></system-err>
  </testcase>
  <testcase name="Subscription_HomePage" classname="Miscellaneous_TestCases.Misc_TestCases" time="1.862">
    <system-err><![CDATA[Sept 22, 2025 11:50:16 AM org.openqa.selenium.devtools.CdpVersionFinder findNearestMatch
WARNING: Unable to find an exact match for CDP version 140, returning the closest version; found: 139; Please update to a Selenium version that supports CDP version 140
]]></system-err>
  </testcase>
  <testcase name="TestCasePage" classname="Miscellaneous_TestCases.Misc_TestCases" time="3.65">
    <system-err><![CDATA[Sept 22, 2025 11:50:25 AM org.openqa.selenium.devtools.CdpVersionFinder findNearestMatch
WARNING: Unable to find an exact match for CDP version 140, returning the closest version; found: 139; Please update to a Selenium version that supports CDP version 140
]]></system-err>
  </testcase>
  <testcase name="ScrollingUpWithButton_TC" classname="ScrollingHomePage_TestCases.ScrollingTestCases" time="2.081">
    <system-err><![CDATA[Sept 22, 2025 11:52:10 AM org.openqa.selenium.devtools.CdpVersionFinder findNearestMatch
WARNING: Unable to find an exact match for CDP version 140, returning the closest version; found: 139; Please update to a Selenium version that supports CDP version 140
]]></system-err>
  </testcase>
  <testcase name="ScrollingUpWithoutButton_TC" classname="ScrollingHomePage_TestCases.ScrollingTestCases" time="1.45">
    <system-err><![CDATA[Sept 22, 2025 11:52:45 AM org.openqa.selenium.devtools.CdpVersionFinder findNearestMatch
WARNING: Unable to find an exact match for CDP version 140, returning the closest version; found: 139; Please update to a Selenium version that supports CDP version 140
]]></system-err>
  </testcase>
</testsuite>