<?xml version="1.0" encoding="UTF-8"?>
<!-- Generated by org.testng.reporters.JUnitXMLReporter -->
<testsuite ignored="0" hostname="DESKTOP-TNI7Q4T" failures="0" tests="15" name="Authentication_TestCases" time="449.485" errors="0" timestamp="2025-09-22T11:29:42 EEST">
  <testcase classname="Authentication_TestCases.SignUp" name="SignUpScenarios" time="44.256"/>
  <testcase classname="Authentication_TestCases.SignUp" name="SignUpScenarios" time="29.608"/>
  <testcase classname="Authentication_TestCases.SignUp" name="SignUpScenarios" time="16.638"/>
  <testcase classname="Authentication_TestCases.InvalidLogin" name="InvalidLogin" time="3.803"/>
  <testcase classname="Authentication_TestCases.InvalidLogin" name="InvalidLogin" time="4.174"/>
  <testcase classname="Authentication_TestCases.InvalidLogin" name="InvalidLogin" time="3.859"/>
  <testcase classname="Authentication_TestCases.ExistingEmailSignUp" name="ExistingEmailSignUp" time="16.728"/>
  <testcase classname="Authentication_TestCases.ExistingEmailSignUp" name="ExistingEmailSignUp" time="26.537"/>
  <testcase classname="Authentication_TestCases.ExistingEmailSignUp" name="ExistingEmailSignUp" time="15.314"/>
  <testcase classname="Authentication_TestCases.Logout" name="Logout" time="8.284"/>
  <testcase classname="Authentication_TestCases.Logout" name="Logout" time="10.322"/>
  <testcase classname="Authentication_TestCases.Logout" name="Logout" time="13.491"/>
  <testcase classname="Authentication_TestCases.ValidLogin" name="ValidLogin" time="10.807"/>
  <testcase classname="Authentication_TestCases.ValidLogin" name="ValidLogin" time="10.935"/>
  <testcase classname="Authentication_TestCases.ValidLogin" name="ValidLogin" time="13.024"/>
</testsuite> <!-- Authentication_TestCases -->
