<?xml version="1.0" encoding="UTF-8"?>
<!-- Generated by org.testng.reporters.JUnitXMLReporter -->
<testsuite ignored="0" hostname="DESKTOP-TNI7Q4T" failures="0" tests="4" name="Misc_TestCases" time="151.836" errors="0" timestamp="2025-09-22T11:52:08 EEST">
  <testcase classname="Miscellaneous_TestCases.Misc_TestCases" name="ContactUs_TestCase" time="9.004"/>
  <testcase classname="Miscellaneous_TestCases.Misc_TestCases" name="Subscription_CartPage" time="3.071"/>
  <testcase classname="Miscellaneous_TestCases.Misc_TestCases" name="Subscription_HomePage" time="1.856"/>
  <testcase classname="Miscellaneous_TestCases.Misc_TestCases" name="TestCasePage" time="3.648"/>
</testsuite> <!-- Misc_TestCases -->
