<?xml version="1.0" encoding="UTF-8"?>
<!-- Generated by org.testng.reporters.JUnitXMLReporter -->
<testsuite ignored="0" hostname="DESKTOP-TNI7Q4T" failures="0" tests="2" name="Scrolling_TestCases" time="45.027" errors="0" timestamp="2025-09-22T11:52:53 EEST">
  <testcase classname="ScrollingHomePage_TestCases.ScrollingTestCases" name="ScrollingUpWithButton_TC" time="2.085"/>
  <testcase classname="ScrollingHomePage_TestCases.ScrollingTestCases" name="ScrollingUpWithoutButton_TC" time="1.45"/>
</testsuite> <!-- Scrolling_TestCases -->
